<?xml version="1.0" encoding="UTF-8"?>
<!-- Generated by org.testng.reporters.JUnitXMLReporter -->
<testsuite hostname="NODE186" name="MyTest2" tests="4" failures="0" timestamp="17 Oct 2016 06:36:38 GMT" time="0.028" errors="0">
  <testcase name="testMethod" time="0.002" classname="com.project.selenium.DemoAnnotationTest"/>
  <testcase name="testMethod2" time="0.001" classname="com.project.selenium.DemoAnnotationTest"/>
  <testcase name="testMethod" time="0.002" classname="Abhi.pack.selenium.DemoSampleTest"/>
  <testcase name="testMethod2" time="0.001" classname="Abhi.pack.selenium.DemoSampleTest"/>
</testsuite> <!-- MyTest2 -->
